<?xml version="1.0" encoding="UTF-8"?>
<!-- Generated by org.testng.reporters.JUnitReportReporter -->
<testsuite skipped="0" hostname="SURAJ" name="runTimexml.CreateTestNGXML" tests="1" failures="0" timestamp="2022-07-17T06:33:11 IST" time="31361.469" errors="0">
  <testcase name="writeXML" time="31361.469" classname="runTimexml.CreateTestNGXML"/>
  <system-out/>
</testsuite> <!-- runTimexml.CreateTestNGXML -->
